0 info it worked if it ends with ok
1 verbose cli [ 'C:\\Program Files\\nodejs\\node.exe',
1 verbose cli   'C:\\Users\\jessic\\AppData\\Roaming\\npm\\node_modules\\npm\\bin\\npm-cli.js',
1 verbose cli   'install',
1 verbose cli   'grunt-contrib-concurrent',
1 verbose cli   '--save-dev' ]
2 info using npm@3.10.8
3 info using node@v6.5.0
4 silly loadCurrentTree Starting
5 silly install loadCurrentTree
6 silly install readLocalPackageData
7 silly fetchPackageMetaData grunt-contrib-concurrent
8 silly fetchNamedPackageData grunt-contrib-concurrent
9 silly mapToRegistry name grunt-contrib-concurrent
10 silly mapToRegistry using default registry
11 silly mapToRegistry registry http://registry.cnpmjs.org/
12 silly mapToRegistry data Result {
12 silly mapToRegistry   raw: 'grunt-contrib-concurrent',
12 silly mapToRegistry   scope: null,
12 silly mapToRegistry   escapedName: 'grunt-contrib-concurrent',
12 silly mapToRegistry   name: 'grunt-contrib-concurrent',
12 silly mapToRegistry   rawSpec: '',
12 silly mapToRegistry   spec: 'latest',
12 silly mapToRegistry   type: 'tag' }
13 silly mapToRegistry uri http://registry.cnpmjs.org/grunt-contrib-concurrent
14 verbose request uri http://registry.cnpmjs.org/grunt-contrib-concurrent
15 verbose request no auth needed
16 info attempt registry request try #1 at 15:50:31
17 verbose request id 67399afaaf0ba945
18 http request GET http://registry.cnpmjs.org/grunt-contrib-concurrent
19 http 404 http://registry.cnpmjs.org/grunt-contrib-concurrent
20 verbose headers { server: 'nginx/1.4.6 (Ubuntu)',
20 verbose headers   date: 'Wed, 02 Nov 2016 07:50:32 GMT',
20 verbose headers   'content-type': 'application/json; charset=utf-8',
20 verbose headers   'transfer-encoding': 'chunked',
20 verbose headers   connection: 'keep-alive',
20 verbose headers   'x-current-requests': '1',
20 verbose headers   'x-readtime': '257',
20 verbose headers   'content-encoding': 'gzip' }
21 silly get cb [ 404,
21 silly get   { server: 'nginx/1.4.6 (Ubuntu)',
21 silly get     date: 'Wed, 02 Nov 2016 07:50:32 GMT',
21 silly get     'content-type': 'application/json; charset=utf-8',
21 silly get     'transfer-encoding': 'chunked',
21 silly get     connection: 'keep-alive',
21 silly get     'x-current-requests': '1',
21 silly get     'x-readtime': '257',
21 silly get     'content-encoding': 'gzip' } ]
22 silly fetchPackageMetaData Error: 404 Not Found: grunt-contrib-concurrent
22 silly fetchPackageMetaData     at makeError (C:\Users\jessic\AppData\Roaming\npm\node_modules\npm\node_modules\npm-registry-client\lib\request.js:302:12)
22 silly fetchPackageMetaData     at CachingRegistryClient.<anonymous> (C:\Users\jessic\AppData\Roaming\npm\node_modules\npm\node_modules\npm-registry-client\lib\request.js:288:14)
22 silly fetchPackageMetaData     at C:\Users\jessic\AppData\Roaming\npm\node_modules\npm\node_modules\npm-registry-client\lib\request.js:216:7
22 silly fetchPackageMetaData     at Gunzip.onEnd (zlib.js:227:5)
22 silly fetchPackageMetaData     at emitNone (events.js:91:20)
22 silly fetchPackageMetaData     at Gunzip.emit (events.js:185:7)
22 silly fetchPackageMetaData     at endReadableNT (_stream_readable.js:974:12)
22 silly fetchPackageMetaData     at _combinedTickCallback (internal/process/next_tick.js:74:11)
22 silly fetchPackageMetaData     at process._tickCallback (internal/process/next_tick.js:98:9)
22 silly fetchPackageMetaData  error for grunt-contrib-concurrent { Error: 404 Not Found: grunt-contrib-concurrent
22 silly fetchPackageMetaData     at makeError (C:\Users\jessic\AppData\Roaming\npm\node_modules\npm\node_modules\npm-registry-client\lib\request.js:302:12)
22 silly fetchPackageMetaData     at CachingRegistryClient.<anonymous> (C:\Users\jessic\AppData\Roaming\npm\node_modules\npm\node_modules\npm-registry-client\lib\request.js:288:14)
22 silly fetchPackageMetaData     at C:\Users\jessic\AppData\Roaming\npm\node_modules\npm\node_modules\npm-registry-client\lib\request.js:216:7
22 silly fetchPackageMetaData     at Gunzip.onEnd (zlib.js:227:5)
22 silly fetchPackageMetaData     at emitNone (events.js:91:20)
22 silly fetchPackageMetaData     at Gunzip.emit (events.js:185:7)
22 silly fetchPackageMetaData     at endReadableNT (_stream_readable.js:974:12)
22 silly fetchPackageMetaData     at _combinedTickCallback (internal/process/next_tick.js:74:11)
22 silly fetchPackageMetaData     at process._tickCallback (internal/process/next_tick.js:98:9)
22 silly fetchPackageMetaData   pkgid: 'grunt-contrib-concurrent',
22 silly fetchPackageMetaData   statusCode: 404,
22 silly fetchPackageMetaData   code: 'E404' }
23 silly rollbackFailedOptional Starting
24 silly rollbackFailedOptional Finishing
25 silly runTopLevelLifecycles Finishing
26 silly install printInstalled
27 verbose stack Error: 404 Not Found: grunt-contrib-concurrent
27 verbose stack     at makeError (C:\Users\jessic\AppData\Roaming\npm\node_modules\npm\node_modules\npm-registry-client\lib\request.js:302:12)
27 verbose stack     at CachingRegistryClient.<anonymous> (C:\Users\jessic\AppData\Roaming\npm\node_modules\npm\node_modules\npm-registry-client\lib\request.js:288:14)
27 verbose stack     at C:\Users\jessic\AppData\Roaming\npm\node_modules\npm\node_modules\npm-registry-client\lib\request.js:216:7
27 verbose stack     at Gunzip.onEnd (zlib.js:227:5)
27 verbose stack     at emitNone (events.js:91:20)
27 verbose stack     at Gunzip.emit (events.js:185:7)
27 verbose stack     at endReadableNT (_stream_readable.js:974:12)
27 verbose stack     at _combinedTickCallback (internal/process/next_tick.js:74:11)
27 verbose stack     at process._tickCallback (internal/process/next_tick.js:98:9)
28 verbose statusCode 404
29 verbose pkgid grunt-contrib-concurrent
30 verbose cwd E:\webFront\nodejs\imoocProject
31 error Windows_NT 6.1.7601
32 error argv "C:\\Program Files\\nodejs\\node.exe" "C:\\Users\\jessic\\AppData\\Roaming\\npm\\node_modules\\npm\\bin\\npm-cli.js" "install" "grunt-contrib-concurrent" "--save-dev"
33 error node v6.5.0
34 error npm  v3.10.8
35 error code E404
36 error 404 Not Found: grunt-contrib-concurrent
37 error 404
38 error 404 'grunt-contrib-concurrent' is not in the npm registry.
39 error 404 You should bug the author to publish it (or use the name yourself!)
40 error 404 Note that you can also install from a
41 error 404 tarball, folder, http url, or git url.
42 verbose exit [ 1, true ]
